#
# A fatal error has been detected by the Java Runtime Environment:
#
#  EXCEPTION_ACCESS_VIOLATION (0xc0000005) at pc=0x000000006da9cde0, pid=980, tid=0x000000000000299c
#
# JRE version: Java(TM) SE Runtime Environment (8.0_231-b11) (build 1.8.0_231-b11)
# Java VM: Java HotSpot(TM) 64-Bit Server VM (25.231-b11 mixed mode windows-amd64 compressed oops)
# Problematic frame:
# V  [jvm.dll+0x2cde0]
#
# Failed to write core dump. Minidumps are not enabled by default on client versions of Windows
#
# If you would like to submit a bug report, please visit:
#   http://bugreport.java.com/bugreport/crash.jsp
#

---------------  T H R E A D  ---------------

Current thread (0x00000000198ee800):  JavaThread "C2 CompilerThread1" daemon [_thread_in_native, id=10652, stack(0x000000001a1e0000,0x000000001a2e0000)]

siginfo: ExceptionCode=0xc0000005, reading address 0x00000020029eefe8

Registers:
RAX=0x00000020029eefe0, RBX=0x000000001990ee70, RCX=0x00000020029eefe0, RDX=0x000000001990ee70
RSP=0x000000001a2ddac8, RBP=0x000000001a2ddcc0, RSI=0x000000001bf4b330, RDI=0x000000001a2de800
R8 =0x000000001990ee70, R9 =0x0000000000000001, R10=0x000000001a2ddb90, R11=0x000000001991ff60
R12=0x000000001990ee70, R13=0x0000000000000001, R14=0x000000001a2de800, R15=0x000000001990ee70
RIP=0x000000006da9cde0, EFLAGS=0x0000000000010202

Top of Stack: (sp=0x000000001a2ddac8)
0x000000001a2ddac8:   000000006dfa5638 3ff000003f800000
0x000000001a2ddad8:   0000000000000000 000000001bf4b330
0x000000001a2ddae8:   00007ffa986b443c 000000001a2de800
0x000000001a2ddaf8:   000000006dfb06bf 000000001bf4b330
0x000000001a2ddb08:   000000001a2ddcc0 000000001bf4b330
0x000000001a2ddb18:   000000001bf4b330 0000000000000000
0x000000001a2ddb28:   000000006dfb0443 0000000000000000
0x000000001a2ddb38:   000000001a2de800 0000000017719001
0x000000001a2ddb48:   000000001a2de8f0 000000001a2de800
0x000000001a2ddb58:   000000006dfab7c3 000000001bf4b330
0x000000001a2ddb68:   000000001a2ddcc0 00000000198ee800
0x000000001a2ddb78:   000000006e058878 0000000000000080
0x000000001a2ddb88:   000000006db07997 000000001991ff60
0x000000001a2ddb98:   0000000400000001 000000001990ee70
0x000000001a2ddba8:   000000001990ee70 000000001a2dea68
0x000000001a2ddbb8:   000000006deeadc9 000000001bbf8880 

Instructions: (pc=0x000000006da9cde0)
0x000000006da9cdc0:   e9 bb c7 01 00 48 8b c8 e9 93 4c 01 00 cc cc cc
0x000000006da9cdd0:   8d 04 12 01 41 08 c3 cc cc cc cc cc cc cc cc cc
0x000000006da9cde0:   8b 41 08 d1 e8 c3 cc cc cc cc cc cc cc cc cc cc
0x000000006da9cdf0:   40 53 48 83 ec 20 48 8b d9 8b 0d 39 fd 78 00 ff 


Register to memory mapping:

RAX=0x00000020029eefe0 is an unknown value
RBX=0x000000001990ee70 is an unknown value
RCX=0x00000020029eefe0 is an unknown value
RDX=0x000000001990ee70 is an unknown value
RSP=0x000000001a2ddac8 is pointing into the stack for thread: 0x00000000198ee800
RBP=0x000000001a2ddcc0 is pointing into the stack for thread: 0x00000000198ee800
RSI=0x000000001bf4b330 is an unknown value
RDI=0x000000001a2de800 is pointing into the stack for thread: 0x00000000198ee800
R8 =0x000000001990ee70 is an unknown value
R9 =0x0000000000000001 is an unknown value
R10=0x000000001a2ddb90 is pointing into the stack for thread: 0x00000000198ee800
R11=0x000000001991ff60 is an unknown value
R12=0x000000001990ee70 is an unknown value
R13=0x0000000000000001 is an unknown value
R14=0x000000001a2de800 is pointing into the stack for thread: 0x00000000198ee800
R15=0x000000001990ee70 is an unknown value


Stack: [0x000000001a1e0000,0x000000001a2e0000],  sp=0x000000001a2ddac8,  free space=1014k
Native frames: (J=compiled Java code, j=interpreted, Vv=VM code, C=native code)
V  [jvm.dll+0x2cde0]


Current CompileTask:
C2:  12428 5569       4       java.util.TreeMap::successor (66 bytes)


---------------  P R O C E S S  ---------------

Java Threads: ( => current thread )
  0x0000000019c00000 JavaThread "DestroyJavaVM" [_thread_blocked, id=18028, stack(0x00000000028e0000,0x00000000029e0000)]
  0x0000000019bfe800 JavaThread "http-nio-8080-Acceptor" daemon [_thread_in_native, id=9488, stack(0x0000000025ce0000,0x0000000025de0000)]
  0x0000000019bf7000 JavaThread "http-nio-8080-ClientPoller" daemon [_thread_in_native, id=8860, stack(0x0000000025be0000,0x0000000025ce0000)]
  0x0000000019bfd800 JavaThread "http-nio-8080-exec-10" daemon [_thread_blocked, id=1464, stack(0x0000000025ae0000,0x0000000025be0000)]
  0x0000000019bf6000 JavaThread "http-nio-8080-exec-9" daemon [_thread_blocked, id=384, stack(0x00000000259e0000,0x0000000025ae0000)]
  0x0000000019bfc000 JavaThread "http-nio-8080-exec-8" daemon [_thread_blocked, id=7056, stack(0x00000000258e0000,0x00000000259e0000)]
  0x0000000019bf7800 JavaThread "http-nio-8080-exec-7" daemon [_thread_blocked, id=16660, stack(0x00000000257e0000,0x00000000258e0000)]
  0x0000000019bfd000 JavaThread "http-nio-8080-exec-6" daemon [_thread_blocked, id=17084, stack(0x00000000256e0000,0x00000000257e0000)]
  0x0000000019bf4800 JavaThread "http-nio-8080-exec-5" daemon [_thread_blocked, id=12212, stack(0x00000000255e0000,0x00000000256e0000)]
  0x0000000019bf5800 JavaThread "http-nio-8080-exec-4" daemon [_thread_blocked, id=15732, stack(0x00000000254e0000,0x00000000255e0000)]
  0x0000000019bfb800 JavaThread "http-nio-8080-exec-3" daemon [_thread_blocked, id=11880, stack(0x00000000253e0000,0x00000000254e0000)]
  0x0000000019bf9000 JavaThread "http-nio-8080-exec-2" daemon [_thread_blocked, id=13504, stack(0x00000000252e0000,0x00000000253e0000)]
  0x0000000019bfa000 JavaThread "http-nio-8080-exec-1" daemon [_thread_blocked, id=8948, stack(0x00000000251e0000,0x00000000252e0000)]
  0x0000000019bf8800 JavaThread "http-nio-8080-BlockPoller" daemon [_thread_in_native, id=3812, stack(0x0000000024030000,0x0000000024130000)]
  0x0000000019bfa800 JavaThread "File Watcher" daemon [_thread_blocked, id=5644, stack(0x0000000023ca0000,0x0000000023da0000)]
  0x000000001e046800 JavaThread "Live Reload Server" daemon [_thread_in_native, id=11172, stack(0x00000000235a0000,0x00000000236a0000)]
  0x000000001e046000 JavaThread "HikariPool-1 housekeeper" daemon [_thread_blocked, id=16104, stack(0x0000000022aa0000,0x0000000022ba0000)]
  0x000000001e04c800 JavaThread "mysql-cj-abandoned-connection-cleanup" daemon [_thread_blocked, id=10740, stack(0x0000000021260000,0x0000000021360000)]
  0x000000001e04a800 JavaThread "container-0" [_thread_blocked, id=13048, stack(0x0000000021160000,0x0000000021260000)]
  0x000000001e04b000 JavaThread "Catalina-utility-2" [_thread_blocked, id=11712, stack(0x0000000021060000,0x0000000021160000)]
  0x000000001e049800 JavaThread "Catalina-utility-1" [_thread_blocked, id=17052, stack(0x0000000020f60000,0x0000000021060000)]
  0x0000000019983000 JavaThread "Service Thread" daemon [_thread_blocked, id=12720, stack(0x000000001a4e0000,0x000000001a5e0000)]
  0x000000001990c000 JavaThread "C1 CompilerThread3" daemon [_thread_blocked, id=7040, stack(0x000000001a3e0000,0x000000001a4e0000)]
  0x00000000198f1800 JavaThread "C2 CompilerThread2" daemon [_thread_blocked, id=372, stack(0x000000001a2e0000,0x000000001a3e0000)]
=>0x00000000198ee800 JavaThread "C2 CompilerThread1" daemon [_thread_in_native, id=10652, stack(0x000000001a1e0000,0x000000001a2e0000)]
  0x00000000198e0800 JavaThread "C2 CompilerThread0" daemon [_thread_blocked, id=14024, stack(0x000000001a0e0000,0x000000001a1e0000)]
  0x00000000198dc000 JavaThread "Attach Listener" daemon [_thread_blocked, id=11840, stack(0x0000000019fe0000,0x000000001a0e0000)]
  0x00000000198db000 JavaThread "Signal Dispatcher" daemon [_thread_blocked, id=16000, stack(0x0000000019ee0000,0x0000000019fe0000)]
  0x0000000002add800 JavaThread "Finalizer" daemon [_thread_blocked, id=18192, stack(0x0000000019cb0000,0x0000000019db0000)]
  0x00000000179dd000 JavaThread "Reference Handler" daemon [_thread_blocked, id=844, stack(0x00000000197b0000,0x00000000198b0000)]

Other Threads:
  0x00000000179d9000 VMThread [stack: 0x00000000196b0000,0x00000000197b0000] [id=15792]
  0x00000000199c4000 WatcherThread [stack: 0x000000001a5e0000,0x000000001a6e0000] [id=12100]

VM state:not at safepoint (normal execution)

VM Mutex/Monitor currently owned by a thread: None

heap address: 0x0000000082c00000, size: 2004 MB, Compressed Oops mode: 32-bit
Narrow klass base: 0x0000000000000000, Narrow klass shift: 3
Compressed class space size: 1073741824 Address: 0x0000000100000000

Heap:
 PSYoungGen      total 214528K, used 59724K [0x00000000d6400000, 0x00000000e7b00000, 0x0000000100000000)
  eden space 197120K, 30% used [0x00000000d6400000,0x00000000d9e53328,0x00000000e2480000)
  from space 17408K, 0% used [0x00000000e2480000,0x00000000e2480000,0x00000000e3580000)
  to   space 18432K, 0% used [0x00000000e6900000,0x00000000e6900000,0x00000000e7b00000)
 ParOldGen       total 120832K, used 22893K [0x0000000082c00000, 0x000000008a200000, 0x00000000d6400000)
  object space 120832K, 18% used [0x0000000082c00000,0x000000008425b580,0x000000008a200000)
 Metaspace       used 59653K, capacity 62956K, committed 63144K, reserved 1103872K
  class space    used 8251K, capacity 8818K, committed 8872K, reserved 1048576K

Card table byte_map: [0x0000000011ea0000,0x0000000012290000] byte_map_base: 0x0000000011a8a000

Marking Bits: (ParMarkBitMap*) 0x000000006e296d90
 Begin Bits: [0x0000000012d30000, 0x0000000014c80000)
 End Bits:   [0x0000000014c80000, 0x0000000016bd0000)

Polling page: 0x0000000000ba0000

CodeCache: size=245760Kb used=17359Kb max_used=17958Kb free=228400Kb
 bounds [0x0000000002ae0000, 0x0000000003ce0000, 0x0000000011ae0000]
 total_blobs=5710 nmethods=5160 adapters=461
 compilation: enabled

Compilation events (10 events):
Event: 12.220 Thread 0x000000001990c000 5763   !   3       java.io.BufferedWriter::write (117 bytes)
Event: 12.221 Thread 0x000000001990c000 nmethod 5763 0x00000000031f6090 code [0x00000000031f6260, 0x00000000031f69c8]
Event: 12.221 Thread 0x000000001990c000 5764       3       org.springframework.beans.factory.support.AbstractBeanFactory::isTypeMatch (607 bytes)
Event: 12.224 Thread 0x00000000198e0800 nmethod 5759 0x0000000002d0da10 code [0x0000000002d0dbc0, 0x0000000002d0e368]
Event: 12.224 Thread 0x000000001990c000 nmethod 5764 0x00000000031638d0 code [0x0000000003163e40, 0x0000000003168bb8]
Event: 12.224 Thread 0x000000001990c000 5765       3       java.lang.reflect.Field::setFieldAccessor (34 bytes)
Event: 12.224 Thread 0x000000001990c000 nmethod 5765 0x0000000003163210 code [0x0000000003163380, 0x0000000003163708]
Event: 12.224 Thread 0x000000001990c000 5762       3       java.io.Writer::write (11 bytes)
Event: 12.224 Thread 0x000000001990c000 nmethod 5762 0x00000000031f5ad0 code [0x00000000031f5c40, 0x00000000031f5f48]
Event: 12.225 Thread 0x00000000198f1800 nmethod 5758 0x0000000002d7cc50 code [0x0000000002d7cdc0, 0x0000000002d7d438]

GC Heap History (10 events):
Event: 3.793 GC heap before
{Heap before GC invocations=10 (full 1):
 PSYoungGen      total 166400K, used 26585K [0x00000000d6400000, 0x00000000e3080000, 0x0000000100000000)
  eden space 154624K, 10% used [0x00000000d6400000,0x00000000d7479cd0,0x00000000dfb00000)
  from space 11776K, 82% used [0x00000000e0780000,0x00000000e10fc9c0,0x00000000e1300000)
  to   space 12800K, 0% used [0x00000000dfb00000,0x00000000dfb00000,0x00000000e0780000)
 ParOldGen       total 59392K, used 9354K [0x0000000082c00000, 0x0000000086600000, 0x00000000d6400000)
  object space 59392K, 15% used [0x0000000082c00000,0x0000000083522bd0,0x0000000086600000)
 Metaspace       used 33566K, capacity 35438K, committed 35496K, reserved 1079296K
  class space    used 4426K, capacity 4765K, committed 4776K, reserved 1048576K
Event: 3.801 GC heap after
Heap after GC invocations=10 (full 1):
 PSYoungGen      total 167424K, used 8525K [0x00000000d6400000, 0x00000000e4500000, 0x0000000100000000)
  eden space 154624K, 0% used [0x00000000d6400000,0x00000000d6400000,0x00000000dfb00000)
  from space 12800K, 66% used [0x00000000dfb00000,0x00000000e0353698,0x00000000e0780000)
  to   space 12800K, 0% used [0x00000000e3880000,0x00000000e3880000,0x00000000e4500000)
 ParOldGen       total 59392K, used 9362K [0x0000000082c00000, 0x0000000086600000, 0x00000000d6400000)
  object space 59392K, 15% used [0x0000000082c00000,0x0000000083524bd0,0x0000000086600000)
 Metaspace       used 33566K, capacity 35438K, committed 35496K, reserved 1079296K
  class space    used 4426K, capacity 4765K, committed 4776K, reserved 1048576K
}
Event: 3.802 GC heap before
{Heap before GC invocations=11 (full 2):
 PSYoungGen      total 167424K, used 8525K [0x00000000d6400000, 0x00000000e4500000, 0x0000000100000000)
  eden space 154624K, 0% used [0x00000000d6400000,0x00000000d6400000,0x00000000dfb00000)
  from space 12800K, 66% used [0x00000000dfb00000,0x00000000e0353698,0x00000000e0780000)
  to   space 12800K, 0% used [0x00000000e3880000,0x00000000e3880000,0x00000000e4500000)
 ParOldGen       total 59392K, used 9362K [0x0000000082c00000, 0x0000000086600000, 0x00000000d6400000)
  object space 59392K, 15% used [0x0000000082c00000,0x0000000083524bd0,0x0000000086600000)
 Metaspace       used 33566K, capacity 35438K, committed 35496K, reserved 1079296K
  class space    used 4426K, capacity 4765K, committed 4776K, reserved 1048576K
Event: 3.855 GC heap after
Heap after GC invocations=11 (full 2):
 PSYoungGen      total 167424K, used 0K [0x00000000d6400000, 0x00000000e4500000, 0x0000000100000000)
  eden space 154624K, 0% used [0x00000000d6400000,0x00000000d6400000,0x00000000dfb00000)
  from space 12800K, 0% used [0x00000000dfb00000,0x00000000dfb00000,0x00000000e0780000)
  to   space 12800K, 0% used [0x00000000e3880000,0x00000000e3880000,0x00000000e4500000)
 ParOldGen       total 84480K, used 12611K [0x0000000082c00000, 0x0000000087e80000, 0x00000000d6400000)
  object space 84480K, 14% used [0x0000000082c00000,0x0000000083850f50,0x0000000087e80000)
 Metaspace       used 33566K, capacity 35438K, committed 35496K, reserved 1079296K
  class space    used 4426K, capacity 4765K, committed 4776K, reserved 1048576K
}
Event: 10.134 GC heap before
{Heap before GC invocations=12 (full 2):
 PSYoungGen      total 167424K, used 154624K [0x00000000d6400000, 0x00000000e4500000, 0x0000000100000000)
  eden space 154624K, 100% used [0x00000000d6400000,0x00000000dfb00000,0x00000000dfb00000)
  from space 12800K, 0% used [0x00000000dfb00000,0x00000000dfb00000,0x00000000e0780000)
  to   space 12800K, 0% used [0x00000000e3880000,0x00000000e3880000,0x00000000e4500000)
 ParOldGen       total 84480K, used 12611K [0x0000000082c00000, 0x0000000087e80000, 0x00000000d6400000)
  object space 84480K, 14% used [0x0000000082c00000,0x0000000083850f50,0x0000000087e80000)
 Metaspace       used 51839K, capacity 54518K, committed 54824K, reserved 1095680K
  class space    used 7210K, capacity 7661K, committed 7720K, reserved 1048576K
Event: 10.152 GC heap after
Heap after GC invocations=12 (full 2):
 PSYoungGen      total 209920K, used 12792K [0x00000000d6400000, 0x00000000e4680000, 0x0000000100000000)
  eden space 197120K, 0% used [0x00000000d6400000,0x00000000d6400000,0x00000000e2480000)
  from space 12800K, 99% used [0x00000000e3880000,0x00000000e44fe3b0,0x00000000e4500000)
  to   space 17408K, 0% used [0x00000000e2480000,0x00000000e2480000,0x00000000e3580000)
 ParOldGen       total 84480K, used 20319K [0x0000000082c00000, 0x0000000087e80000, 0x00000000d6400000)
  object space 84480K, 24% used [0x0000000082c00000,0x0000000083fd7df8,0x0000000087e80000)
 Metaspace       used 51839K, capacity 54518K, committed 54824K, reserved 1095680K
  class space    used 7210K, capacity 7661K, committed 7720K, reserved 1048576K
}
Event: 11.076 GC heap before
{Heap before GC invocations=13 (full 2):
 PSYoungGen      total 209920K, used 102330K [0x00000000d6400000, 0x00000000e4680000, 0x0000000100000000)
  eden space 197120K, 45% used [0x00000000d6400000,0x00000000dbb706b8,0x00000000e2480000)
  from space 12800K, 99% used [0x00000000e3880000,0x00000000e44fe3b0,0x00000000e4500000)
  to   space 17408K, 0% used [0x00000000e2480000,0x00000000e2480000,0x00000000e3580000)
 ParOldGen       total 84480K, used 20319K [0x0000000082c00000, 0x0000000087e80000, 0x00000000d6400000)
  object space 84480K, 24% used [0x0000000082c00000,0x0000000083fd7df8,0x0000000087e80000)
 Metaspace       used 56161K, capacity 59038K, committed 59160K, reserved 1099776K
  class space    used 7765K, capacity 8255K, committed 8360K, reserved 1048576K
Event: 11.089 GC heap after
Heap after GC invocations=13 (full 2):
 PSYoungGen      total 214528K, used 12306K [0x00000000d6400000, 0x00000000e7b00000, 0x0000000100000000)
  eden space 197120K, 0% used [0x00000000d6400000,0x00000000d6400000,0x00000000e2480000)
  from space 17408K, 70% used [0x00000000e2480000,0x00000000e3084888,0x00000000e3580000)
  to   space 18432K, 0% used [0x00000000e6900000,0x00000000e6900000,0x00000000e7b00000)
 ParOldGen       total 84480K, used 20327K [0x0000000082c00000, 0x0000000087e80000, 0x00000000d6400000)
  object space 84480K, 24% used [0x0000000082c00000,0x0000000083fd9df8,0x0000000087e80000)
 Metaspace       used 56161K, capacity 59038K, committed 59160K, reserved 1099776K
  class space    used 7765K, capacity 8255K, committed 8360K, reserved 1048576K
}
Event: 11.089 GC heap before
{Heap before GC invocations=14 (full 3):
 PSYoungGen      total 214528K, used 12306K [0x00000000d6400000, 0x00000000e7b00000, 0x0000000100000000)
  eden space 197120K, 0% used [0x00000000d6400000,0x00000000d6400000,0x00000000e2480000)
  from space 17408K, 70% used [0x00000000e2480000,0x00000000e3084888,0x00000000e3580000)
  to   space 18432K, 0% used [0x00000000e6900000,0x00000000e6900000,0x00000000e7b00000)
 ParOldGen       total 84480K, used 20327K [0x0000000082c00000, 0x0000000087e80000, 0x00000000d6400000)
  object space 84480K, 24% used [0x0000000082c00000,0x0000000083fd9df8,0x0000000087e80000)
 Metaspace       used 56161K, capacity 59038K, committed 59160K, reserved 1099776K
  class space    used 7765K, capacity 8255K, committed 8360K, reserved 1048576K
Event: 11.251 GC heap after
Heap after GC invocations=14 (full 3):
 PSYoungGen      total 214528K, used 0K [0x00000000d6400000, 0x00000000e7b00000, 0x0000000100000000)
  eden space 197120K, 0% used [0x00000000d6400000,0x00000000d6400000,0x00000000e2480000)
  from space 17408K, 0% used [0x00000000e2480000,0x00000000e2480000,0x00000000e3580000)
  to   space 18432K, 0% used [0x00000000e6900000,0x00000000e6900000,0x00000000e7b00000)
 ParOldGen       total 120832K, used 22893K [0x0000000082c00000, 0x000000008a200000, 0x00000000d6400000)
  object space 120832K, 18% used [0x0000000082c00000,0x000000008425b580,0x000000008a200000)
 Metaspace       used 56153K, capacity 59026K, committed 59160K, reserved 1099776K
  class space    used 7764K, capacity 8253K, committed 8360K, reserved 1048576K
}

Deoptimization events (10 events):
Event: 11.744 Thread 0x000000001b73e800 Uncommon trap: reason=class_check action=maybe_recompile pc=0x0000000002df4cdc method=org.springframework.util.ConcurrentReferenceHashMap$ReferenceManager.pollForPurge()Lorg/springframework/util/ConcurrentReferenceHashMap$Reference; @ 7
Event: 11.744 Thread 0x000000001b73e800 Uncommon trap: reason=class_check action=maybe_recompile pc=0x0000000002df4cdc method=org.springframework.util.ConcurrentReferenceHashMap$ReferenceManager.pollForPurge()Lorg/springframework/util/ConcurrentReferenceHashMap$Reference; @ 7
Event: 11.744 Thread 0x000000001b73e800 Uncommon trap: reason=class_check action=maybe_recompile pc=0x0000000002df4cdc method=org.springframework.util.ConcurrentReferenceHashMap$ReferenceManager.pollForPurge()Lorg/springframework/util/ConcurrentReferenceHashMap$Reference; @ 7
Event: 11.790 Thread 0x000000001b73e800 Uncommon trap: reason=unstable_if action=reinterpret pc=0x0000000002d7c084 method=sun.nio.cs.UTF_8$Decoder.decode([BII[C)I @ 30
Event: 11.790 Thread 0x000000001b73e800 Uncommon trap: reason=unstable_if action=reinterpret pc=0x000000000377ba98 method=java.lang.StringCoding.safeTrim([CILjava/nio/charset/Charset;Z)[C @ 3
Event: 11.836 Thread 0x000000001b73e800 Uncommon trap: reason=unstable_if action=reinterpret pc=0x0000000003b9a694 method=java.lang.CharacterDataLatin1.isWhitespace(I)Z @ 14
Event: 11.836 Thread 0x000000001b73e800 Uncommon trap: reason=unstable_if action=reinterpret pc=0x0000000002dfa33c method=java.lang.CharacterDataLatin1.isWhitespace(I)Z @ 14
Event: 11.848 Thread 0x000000001b73e800 Uncommon trap: reason=unstable_if action=reinterpret pc=0x000000000377d314 method=java.lang.StringCoding.safeTrim([CILjava/nio/charset/Charset;Z)[C @ 3
Event: 11.852 Thread 0x000000001b73e800 Uncommon trap: reason=unstable_if action=reinterpret pc=0x00000000037752b8 method=java.lang.StringCoding.safeTrim([CILjava/nio/charset/Charset;Z)[C @ 3
Event: 12.058 Thread 0x000000001b73e800 Uncommon trap: reason=unstable_if action=reinterpret pc=0x0000000003b21c38 method=java.lang.Class.arrayContentsEq([Ljava/lang/Object;[Ljava/lang/Object;)Z @ 1

Classes redefined (0 events):
No events

Internal exceptions (10 events):
Event: 11.316 Thread 0x000000001b73e800 Exception <a 'java/lang/IncompatibleClassChangeError': Found class java.lang.Object, but interface was expected> (0x00000000d67f5d58) thrown at [C:\re\workspace\8-2-build-windows-amd64-cygwin\jdk8u231\13620\hotspot\src\share\vm\interpreter\linkResolver.cp
Event: 11.762 Thread 0x000000001b73e800 Exception <a 'java/lang/ClassNotFoundException': java/lang/ObjectCustomizer> (0x00000000d83a4b20) thrown at [C:\re\workspace\8-2-build-windows-amd64-cygwin\jdk8u231\13620\hotspot\src\share\vm\classfile\systemDictionary.cpp, line 210]
Event: 11.762 Thread 0x000000001b73e800 Exception <a 'java/lang/ClassNotFoundException': org/analyser/entities/PersonCustomizer> (0x00000000d83bb800) thrown at [C:\re\workspace\8-2-build-windows-amd64-cygwin\jdk8u231\13620\hotspot\src\share\vm\classfile\systemDictionary.cpp, line 210]
Event: 11.856 Thread 0x000000001b73e800 Exception <a 'java/lang/ClassNotFoundException': java/lang/ObjectCustomizer> (0x00000000d8bbf1f0) thrown at [C:\re\workspace\8-2-build-windows-amd64-cygwin\jdk8u231\13620\hotspot\src\share\vm\classfile\systemDictionary.cpp, line 210]
Event: 11.856 Thread 0x000000001b73e800 Exception <a 'java/lang/ClassNotFoundException': org/analyser/entities/AppRoleCustomizer> (0x00000000d8bd58b0) thrown at [C:\re\workspace\8-2-build-windows-amd64-cygwin\jdk8u231\13620\hotspot\src\share\vm\classfile\systemDictionary.cpp, line 210]
Event: 12.042 Thread 0x000000001b73e800 Exception <a 'java/lang/ClassNotFoundException': java/lang/ObjectCustomizer> (0x00000000d901d708) thrown at [C:\re\workspace\8-2-build-windows-amd64-cygwin\jdk8u231\13620\hotspot\src\share\vm\classfile\systemDictionary.cpp, line 210]
Event: 12.042 Thread 0x000000001b73e800 Exception <a 'java/lang/ClassNotFoundException': org/analyser/entities/AppUserCustomizer> (0x00000000d9034938) thrown at [C:\re\workspace\8-2-build-windows-amd64-cygwin\jdk8u231\13620\hotspot\src\share\vm\classfile\systemDictionary.cpp, line 210]
Event: 12.058 Thread 0x000000001b73e800 Implicit null exception at 0x0000000003b1d803 to 0x0000000003b21be1
Event: 12.215 Thread 0x000000001b73e800 Exception <a 'java/lang/NoSuchMethodError': java.lang.Object.lambda$mapIfAllPresent$6(Ljava/util/Optional;Ljava/util/function/BiFunction;Ljava/lang/Object;)Ljava/util/Optional;> (0x00000000d945cb20) thrown at [C:\re\workspace\8-2-build-windows-amd64-cygwi
Event: 12.215 Thread 0x000000001b73e800 Exception <a 'java/lang/NoSuchMethodError': java.lang.Object.lambda$null$5(Ljava/util/function/BiFunction;Ljava/lang/Object;Ljava/lang/Object;)Ljava/lang/Object;> (0x00000000d9461070) thrown at [C:\re\workspace\8-2-build-windows-amd64-cygwin\jdk8u231\1362

Events (10 events):
Event: 12.221 loading class java/beans/ThreadGroupContext$1 done
Event: 12.221 loading class java/beans/WeakIdentityMap$Entry
Event: 12.221 loading class java/beans/WeakIdentityMap$Entry done
Event: 12.222 loading class org/springframework/boot/devtools/restart/Restarter
Event: 12.222 loading class org/springframework/boot/devtools/restart/Restarter done
Event: 12.222 loading class org/springframework/boot/system/JavaVersion
Event: 12.222 loading class org/springframework/boot/system/JavaVersion done
Event: 12.223 Thread 0x000000001b560000 Thread exited: 0x000000001b560000
Event: 12.223 Thread 0x00000000029e5800 Thread exited: 0x00000000029e5800
Event: 12.224 Thread 0x0000000019c00000 Thread added: 0x0000000019c00000


Dynamic libraries:
0x00007ff7e2230000 - 0x00007ff7e2267000 	C:\Program Files\Java\jre1.8.0_231\bin\javaw.exe
0x00007ffa9c250000 - 0x00007ffa9c431000 	C:\WINDOWS\SYSTEM32\ntdll.dll
0x00007ffa9b2a0000 - 0x00007ffa9b351000 	C:\WINDOWS\System32\KERNEL32.DLL
0x00007ffa98660000 - 0x00007ffa988d3000 	C:\WINDOWS\System32\KERNELBASE.dll
0x00007ffa99b40000 - 0x00007ffa99be1000 	C:\WINDOWS\System32\ADVAPI32.dll
0x00007ffa99aa0000 - 0x00007ffa99b3e000 	C:\WINDOWS\System32\msvcrt.dll
0x00007ffa9b240000 - 0x00007ffa9b29b000 	C:\WINDOWS\System32\sechost.dll
0x00007ffa99ca0000 - 0x00007ffa99dc4000 	C:\WINDOWS\System32\RPCRT4.dll
0x00007ffa9b450000 - 0x00007ffa9b5e0000 	C:\WINDOWS\System32\USER32.dll
0x00007ffa99260000 - 0x00007ffa99280000 	C:\WINDOWS\System32\win32u.dll
0x00007ffa9bf00000 - 0x00007ffa9bf28000 	C:\WINDOWS\System32\GDI32.dll
0x00007ffa99320000 - 0x00007ffa994b1000 	C:\WINDOWS\System32\gdi32full.dll
0x00007ffa99280000 - 0x00007ffa9931f000 	C:\WINDOWS\System32\msvcp_win.dll
0x00007ffa994c0000 - 0x00007ffa995b8000 	C:\WINDOWS\System32\ucrtbase.dll
0x00007ffa89b40000 - 0x00007ffa89da9000 	C:\WINDOWS\WinSxS\amd64_microsoft.windows.common-controls_6595b64144ccf1df_6.0.17134.1246_none_d3ffb9d77c90723d\COMCTL32.dll
0x00007ffa9b780000 - 0x00007ffa9baa1000 	C:\WINDOWS\System32\combase.dll
0x00007ffa991e0000 - 0x00007ffa99259000 	C:\WINDOWS\System32\bcryptPrimitives.dll
0x00007ffa99bf0000 - 0x00007ffa99c1d000 	C:\WINDOWS\System32\IMM32.DLL
0x000000006f6c0000 - 0x000000006f792000 	C:\Program Files\Java\jre1.8.0_231\bin\msvcr100.dll
0x000000006da70000 - 0x000000006e316000 	C:\Program Files\Java\jre1.8.0_231\bin\server\jvm.dll
0x00007ffa9c140000 - 0x00007ffa9c148000 	C:\WINDOWS\System32\PSAPI.DLL
0x00007ffa96660000 - 0x00007ffa9666a000 	C:\WINDOWS\SYSTEM32\VERSION.dll
0x00007ffa97fe0000 - 0x00007ffa97fe9000 	C:\WINDOWS\SYSTEM32\WSOCK32.dll
0x00007ffa958c0000 - 0x00007ffa958e3000 	C:\WINDOWS\SYSTEM32\WINMM.dll
0x00007ffa9b6a0000 - 0x00007ffa9b70c000 	C:\WINDOWS\System32\WS2_32.dll
0x00007ffa956f0000 - 0x00007ffa9571a000 	C:\WINDOWS\SYSTEM32\winmmbase.dll
0x00007ffa98610000 - 0x00007ffa98659000 	C:\WINDOWS\System32\cfgmgr32.dll
0x00007ffa7bf70000 - 0x00007ffa7bf7f000 	C:\Program Files\Java\jre1.8.0_231\bin\verify.dll
0x00007ffa6a210000 - 0x00007ffa6a239000 	C:\Program Files\Java\jre1.8.0_231\bin\java.dll
0x00007ffa6b260000 - 0x00007ffa6b276000 	C:\Program Files\Java\jre1.8.0_231\bin\zip.dll
0x00007ffa99dd0000 - 0x00007ffa9b215000 	C:\WINDOWS\System32\SHELL32.dll
0x00007ffa9c090000 - 0x00007ffa9c139000 	C:\WINDOWS\System32\shcore.dll
0x00007ffa98ad0000 - 0x00007ffa991e0000 	C:\WINDOWS\System32\windows.storage.dll
0x00007ffa9b720000 - 0x00007ffa9b771000 	C:\WINDOWS\System32\shlwapi.dll
0x00007ffa985f0000 - 0x00007ffa98601000 	C:\WINDOWS\System32\kernel.appcore.dll
0x00007ffa985b0000 - 0x00007ffa985cf000 	C:\WINDOWS\System32\profapi.dll
0x00007ffa98560000 - 0x00007ffa985ac000 	C:\WINDOWS\System32\powrprof.dll
0x00007ffa98550000 - 0x00007ffa9855a000 	C:\WINDOWS\System32\FLTLIB.DLL
0x00007ffa92d50000 - 0x00007ffa92d5d000 	C:\Program Files\Java\jre1.8.0_231\bin\management.dll
0x00007ffa92180000 - 0x00007ffa9219a000 	C:\Program Files\Java\jre1.8.0_231\bin\net.dll
0x00007ffa97a10000 - 0x00007ffa97a76000 	C:\WINDOWS\system32\mswsock.dll
0x00007ffa82ad0000 - 0x00007ffa82ae6000 	C:\WINDOWS\system32\napinsp.dll
0x00007ffa82ab0000 - 0x00007ffa82aca000 	C:\WINDOWS\system32\pnrpnsp.dll
0x00007ffa94620000 - 0x00007ffa94639000 	C:\WINDOWS\system32\NLAapi.dll
0x00007ffa977a0000 - 0x00007ffa9785e000 	C:\WINDOWS\SYSTEM32\DNSAPI.dll
0x00007ffa9b710000 - 0x00007ffa9b718000 	C:\WINDOWS\System32\NSI.dll
0x00007ffa97760000 - 0x00007ffa97798000 	C:\WINDOWS\SYSTEM32\IPHLPAPI.DLL
0x00007ffa82aa0000 - 0x00007ffa82aae000 	C:\WINDOWS\System32\winrnr.dll
0x00007ffa8b920000 - 0x00007ffa8b92a000 	C:\Windows\System32\rasadhlp.dll
0x00007ffa8d080000 - 0x00007ffa8d0f2000 	C:\WINDOWS\System32\fwpuclnt.dll
0x00007ffa98010000 - 0x00007ffa98035000 	C:\WINDOWS\SYSTEM32\bcrypt.dll
0x00007ffa8d530000 - 0x00007ffa8d542000 	C:\Program Files\Java\jre1.8.0_231\bin\nio.dll
0x00007ffa98210000 - 0x00007ffa98227000 	C:\WINDOWS\SYSTEM32\CRYPTSP.dll
0x00007ffa975c0000 - 0x00007ffa975f3000 	C:\WINDOWS\system32\rsaenh.dll
0x00007ffa98480000 - 0x00007ffa984a8000 	C:\WINDOWS\SYSTEM32\USERENV.dll
0x00007ffa97bc0000 - 0x00007ffa97bcb000 	C:\WINDOWS\SYSTEM32\CRYPTBASE.dll
0x00007ffa913c0000 - 0x00007ffa913d6000 	C:\WINDOWS\SYSTEM32\dhcpcsvc6.DLL
0x00007ffa91470000 - 0x00007ffa9148a000 	C:\WINDOWS\SYSTEM32\dhcpcsvc.DLL
0x00007ffa98040000 - 0x00007ffa98209000 	C:\WINDOWS\SYSTEM32\dbghelp.dll

VM Arguments:
jvm_args: -Dfile.encoding=UTF-8 
java_command: org.analyser.PortAnalyserApplication
java_class_path (initial): D:\STUDY\WORKSPACE\eclipse-jee-2019-09-R\PortAnalyser\target\classes;C:\Users\Anonymous\.m2\repository\org\springframework\boot\spring-boot-starter-data-jpa\2.2.2.RELEASE\spring-boot-starter-data-jpa-2.2.2.RELEASE.jar;C:\Users\Anonymous\.m2\repository\org\springframework\boot\spring-boot-starter-aop\2.2.2.RELEASE\spring-boot-starter-aop-2.2.2.RELEASE.jar;C:\Users\Anonymous\.m2\repository\org\aspectj\aspectjweaver\1.9.5\aspectjweaver-1.9.5.jar;C:\Users\Anonymous\.m2\repository\org\springframework\boot\spring-boot-starter-jdbc\2.2.2.RELEASE\spring-boot-starter-jdbc-2.2.2.RELEASE.jar;C:\Users\Anonymous\.m2\repository\com\zaxxer\HikariCP\3.4.1\HikariCP-3.4.1.jar;C:\Users\Anonymous\.m2\repository\org\springframework\spring-jdbc\5.2.2.RELEASE\spring-jdbc-5.2.2.RELEASE.jar;C:\Users\Anonymous\.m2\repository\jakarta\activation\jakarta.activation-api\1.2.1\jakarta.activation-api-1.2.1.jar;C:\Users\Anonymous\.m2\repository\jakarta\persistence\jakarta.persistence-api\2.2.3\jakarta.persistence-api-2.2.3.jar;C:\Users\Anonymous\.m2\repository\jakarta\transaction\jakarta.transaction-api\1.3.3\jakarta.transaction-api-1.3.3.jar;C:\Users\Anonymous\.m2\repository\org\hibernate\hibernate-core\5.4.9.Final\hibernate-core-5.4.9.Final.jar;C:\Users\Anonymous\.m2\repository\org\jboss\logging\jboss-logging\3.4.1.Final\jboss-logging-3.4.1.Final.jar;C:\Users\Anonymous\.m2\repository\org\javassist\javassist\3.24.0-GA\javassist-3.24.0-GA.jar;C:\Users\Anonymous\.m2\repository\net\bytebuddy\byte-buddy\1.10.4\byte-buddy-1.10.4.jar;C:\Users\Anonymous\.m2\repository\antlr\antlr\2.7.7\antlr-2.7.7.jar;C:\Users\Anonymous\.m2\repository\org\jboss\jandex\2.1.1.Final\jandex-2.1.1.Final.jar;C:\Users\Anonymous\.m2\repository\com\fasterxml\classmate\1.5.1\classmate-1.5.1.jar;C:\Users\Anonymous\.m2\repository\org\dom4j\dom4j\2.1.1\dom4j-2.1.1.jar;C:\Users\Anonymous\.m2\repository\org\hibernate\common\hibernate-commons-annotations\5.1.0.Final\hibernate-commons-annotations-5.1.0.Final.
Launcher Type: SUN_STANDARD

Environment Variables:
JAVA_HOME=C:\Program Files\Java\jre1.8.0_231
PATH=C:/Program Files/Java/jre1.8.0_231/bin/server;C:/Program Files/Java/jre1.8.0_231/bin;C:/Program Files/Java/jre1.8.0_231/lib/amd64;C:\Program Files (x86)\Common Files\Oracle\Java\javapath;C:\Python34\Lib\site-packages\PyQt4;C:\ProgramData\Oracle\Java\javapath;C:\Windows\system32;C:\Windows;C:\Windows\System32\Wbem;C:\Windows\System32\WindowsPowerShell\v1.0\;C:\Program Files (x86)\NVIDIA Corporation\PhysX\Common;C:\Python27;C:\WINDOWS\system32;C:\WINDOWS;C:\WINDOWS\System32\Wbem;C:\WINDOWS\System32\WindowsPowerShell\v1.0\;C:\WINDOWS\System32\OpenSSH\;C:\MinGW\bin;C:\Program Files\Git\cmd;C:\Program Files\nodejs\;C:\Program Files\Microsoft VS Code\bin;C:\Program Files\Java\jdk1.8.0_231\bin;C:\Program Files\Java\jre1.8.0_231\bin;C:\Users\Anonymous\AppData\Local\Microsoft\WindowsApps;C:\Program Files (x86)\CodeBlocks\MinGW\bin;C:\Users\Anonymous\AppData\Roaming\npm;C:\Program Files\JetBrains\WebStorm 2019.2.3\bin;;D:\STUDY\WORKSPACE\eclipse-jee-2019-09-R\eclipse;
USERNAME=Anonymous
OS=Windows_NT
PROCESSOR_IDENTIFIER=Intel64 Family 6 Model 58 Stepping 9, GenuineIntel



---------------  S Y S T E M  ---------------

OS: Windows 10.0 , 64 bit Build 17134 (10.0.17134.753)

CPU:total 8 (initial active 8) (4 cores per cpu, 2 threads per core) family 6 model 58 stepping 9, cmov, cx8, fxsr, mmx, sse, sse2, sse3, ssse3, sse4.1, sse4.2, popcnt, avx, aes, clmul, erms, ht, tsc, tscinvbit, tscinv

Memory: 4k page, physical 8205820k(2945356k free), swap 13980336k(3878416k free)

vm_info: Java HotSpot(TM) 64-Bit Server VM (25.231-b11) for windows-amd64 JRE (1.8.0_231-b11), built on Oct  5 2019 03:11:30 by "java_re" with MS VC++ 10.0 (VS2010)

time: Wed Jan 22 01:50:15 2020
timezone: Paris, Madrid
elapsed time: 12 seconds (0d 0h 0m 12s)

